  lab04.cpp
d:\concordia\2023 summer\comp371\assignment\a2\moremoremore\lab04\lab_framework\source\objloader.h(20): warning C4996: 'fopen': This function or variable may be unsafe. Consider using fopen_s instead. To disable deprecation, use _CRT_SECURE_NO_WARNINGS. See online help for details.
  c:\program files (x86)\windows kits\10\include\10.0.16299.0\ucrt\stdio.h(207): note: see declaration of 'fopen'
d:\concordia\2023 summer\comp371\assignment\a2\moremoremore\lab04\lab_framework\source\objloader.h(31): warning C4996: 'fscanf': This function or variable may be unsafe. Consider using fscanf_s instead. To disable deprecation, use _CRT_SECURE_NO_WARNINGS. See online help for details.
  c:\program files (x86)\windows kits\10\include\10.0.16299.0\ucrt\stdio.h(1195): note: see declaration of 'fscanf'
d:\concordia\2023 summer\comp371\assignment\a2\moremoremore\lab04\lab_framework\source\objloader.h(39): warning C4996: 'fscanf': This function or variable may be unsafe. Consider using fscanf_s instead. To disable deprecation, use _CRT_SECURE_NO_WARNINGS. See online help for details.
  c:\program files (x86)\windows kits\10\include\10.0.16299.0\ucrt\stdio.h(1195): note: see declaration of 'fscanf'
d:\concordia\2023 summer\comp371\assignment\a2\moremoremore\lab04\lab_framework\source\objloader.h(44): warning C4996: 'fscanf': This function or variable may be unsafe. Consider using fscanf_s instead. To disable deprecation, use _CRT_SECURE_NO_WARNINGS. See online help for details.
  c:\program files (x86)\windows kits\10\include\10.0.16299.0\ucrt\stdio.h(1195): note: see declaration of 'fscanf'
d:\concordia\2023 summer\comp371\assignment\a2\moremoremore\lab04\lab_framework\source\objloader.h(50): warning C4996: 'fscanf': This function or variable may be unsafe. Consider using fscanf_s instead. To disable deprecation, use _CRT_SECURE_NO_WARNINGS. See online help for details.
  c:\program files (x86)\windows kits\10\include\10.0.16299.0\ucrt\stdio.h(1195): note: see declaration of 'fscanf'
d:\concordia\2023 summer\comp371\assignment\a2\moremoremore\lab04\lab_framework\source\objloader.h(60): warning C4996: 'sscanf': This function or variable may be unsafe. Consider using sscanf_s instead. To disable deprecation, use _CRT_SECURE_NO_WARNINGS. See online help for details.
  c:\program files (x86)\windows kits\10\include\10.0.16299.0\ucrt\stdio.h(2261): note: see declaration of 'sscanf'
d:\concordia\2023 summer\comp371\assignment\a2\moremoremore\lab04\lab_framework\source\objloader.h(63): warning C4996: 'sscanf': This function or variable may be unsafe. Consider using sscanf_s instead. To disable deprecation, use _CRT_SECURE_NO_WARNINGS. See online help for details.
  c:\program files (x86)\windows kits\10\include\10.0.16299.0\ucrt\stdio.h(2261): note: see declaration of 'sscanf'
d:\concordia\2023 summer\comp371\assignment\a2\moremoremore\lab04\lab_framework\source\objloader.h(66): warning C4996: 'sscanf': This function or variable may be unsafe. Consider using sscanf_s instead. To disable deprecation, use _CRT_SECURE_NO_WARNINGS. See online help for details.
  c:\program files (x86)\windows kits\10\include\10.0.16299.0\ucrt\stdio.h(2261): note: see declaration of 'sscanf'
d:\concordia\2023 summer\comp371\assignment\a2\moremoremore\lab04\lab_framework\source\objloader.h(69): warning C4996: 'sscanf': This function or variable may be unsafe. Consider using sscanf_s instead. To disable deprecation, use _CRT_SECURE_NO_WARNINGS. See online help for details.
  c:\program files (x86)\windows kits\10\include\10.0.16299.0\ucrt\stdio.h(2261): note: see declaration of 'sscanf'
d:\concordia\2023 summer\comp371\assignment\a2\moremoremore\lab04\lab_framework\source\objloaderv2.h(20): warning C4996: 'fopen': This function or variable may be unsafe. Consider using fopen_s instead. To disable deprecation, use _CRT_SECURE_NO_WARNINGS. See online help for details.
  c:\program files (x86)\windows kits\10\include\10.0.16299.0\ucrt\stdio.h(207): note: see declaration of 'fopen'
d:\concordia\2023 summer\comp371\assignment\a2\moremoremore\lab04\lab_framework\source\objloaderv2.h(31): warning C4996: 'fscanf': This function or variable may be unsafe. Consider using fscanf_s instead. To disable deprecation, use _CRT_SECURE_NO_WARNINGS. See online help for details.
  c:\program files (x86)\windows kits\10\include\10.0.16299.0\ucrt\stdio.h(1195): note: see declaration of 'fscanf'
d:\concordia\2023 summer\comp371\assignment\a2\moremoremore\lab04\lab_framework\source\objloaderv2.h(39): warning C4996: 'fscanf': This function or variable may be unsafe. Consider using fscanf_s instead. To disable deprecation, use _CRT_SECURE_NO_WARNINGS. See online help for details.
  c:\program files (x86)\windows kits\10\include\10.0.16299.0\ucrt\stdio.h(1195): note: see declaration of 'fscanf'
d:\concordia\2023 summer\comp371\assignment\a2\moremoremore\lab04\lab_framework\source\objloaderv2.h(45): warning C4996: 'fscanf': This function or variable may be unsafe. Consider using fscanf_s instead. To disable deprecation, use _CRT_SECURE_NO_WARNINGS. See online help for details.
  c:\program files (x86)\windows kits\10\include\10.0.16299.0\ucrt\stdio.h(1195): note: see declaration of 'fscanf'
d:\concordia\2023 summer\comp371\assignment\a2\moremoremore\lab04\lab_framework\source\objloaderv2.h(54): warning C4996: 'fscanf': This function or variable may be unsafe. Consider using fscanf_s instead. To disable deprecation, use _CRT_SECURE_NO_WARNINGS. See online help for details.
  c:\program files (x86)\windows kits\10\include\10.0.16299.0\ucrt\stdio.h(1195): note: see declaration of 'fscanf'
d:\concordia\2023 summer\comp371\assignment\a2\moremoremore\lab04\lab_framework\source\objloaderv2.h(72): warning C4996: 'sscanf': This function or variable may be unsafe. Consider using sscanf_s instead. To disable deprecation, use _CRT_SECURE_NO_WARNINGS. See online help for details.
  c:\program files (x86)\windows kits\10\include\10.0.16299.0\ucrt\stdio.h(2261): note: see declaration of 'sscanf'
d:\concordia\2023 summer\comp371\assignment\a2\moremoremore\lab04\lab_framework\source\objloaderv2.h(75): warning C4996: 'sscanf': This function or variable may be unsafe. Consider using sscanf_s instead. To disable deprecation, use _CRT_SECURE_NO_WARNINGS. See online help for details.
  c:\program files (x86)\windows kits\10\include\10.0.16299.0\ucrt\stdio.h(2261): note: see declaration of 'sscanf'
d:\concordia\2023 summer\comp371\assignment\a2\moremoremore\lab04\lab_framework\source\objloaderv2.h(78): warning C4996: 'sscanf': This function or variable may be unsafe. Consider using sscanf_s instead. To disable deprecation, use _CRT_SECURE_NO_WARNINGS. See online help for details.
  c:\program files (x86)\windows kits\10\include\10.0.16299.0\ucrt\stdio.h(2261): note: see declaration of 'sscanf'
d:\concordia\2023 summer\comp371\assignment\a2\moremoremore\lab04\lab_framework\source\objloaderv2.h(81): warning C4996: 'sscanf': This function or variable may be unsafe. Consider using sscanf_s instead. To disable deprecation, use _CRT_SECURE_NO_WARNINGS. See online help for details.
  c:\program files (x86)\windows kits\10\include\10.0.16299.0\ucrt\stdio.h(2261): note: see declaration of 'sscanf'
d:\concordia\2023 summer\comp371\assignment\a2\moremoremore\lab04\lab_framework\source\shaderloader.h(25): warning C4477: 'printf' : format string '%s' requires an argument of type 'char *', but variadic argument 1 has type 'std::string'
d:\concordia\2023 summer\comp371\assignment\a2\moremoremore\lab04\lab_framework\source\lab04.cpp(233): warning C4018: '<': signed/unsigned mismatch
d:\concordia\2023 summer\comp371\assignment\a2\moremoremore\lab04\lab_framework\source\lab04.cpp(242): warning C4018: '<': signed/unsigned mismatch
d:\concordia\2023 summer\comp371\assignment\a2\moremoremore\lab04\lab_framework\source\lab04.cpp(285): warning C4244: '=': conversion from 'int' to 'float', possible loss of data
d:\concordia\2023 summer\comp371\assignment\a2\moremoremore\lab04\lab_framework\source\lab04.cpp(286): warning C4244: '=': conversion from 'int' to 'float', possible loss of data
d:\concordia\2023 summer\comp371\assignment\a2\moremoremore\lab04\lab_framework\source\lab04.cpp(379): warning C4244: 'initializing': conversion from 'double' to 'float', possible loss of data
d:\concordia\2023 summer\comp371\assignment\a2\moremoremore\lab04\lab_framework\source\lab04.cpp(447): warning C4244: 'initializing': conversion from 'double' to 'float', possible loss of data
d:\concordia\2023 summer\comp371\assignment\a2\moremoremore\lab04\lab_framework\source\lab04.cpp(980): warning C4244: 'initializing': conversion from 'double' to 'float', possible loss of data
d:\concordia\2023 summer\comp371\assignment\a2\moremoremore\lab04\lab_framework\source\lab04.cpp(1063): warning C4244: '-=': conversion from 'double' to 'float', possible loss of data
d:\concordia\2023 summer\comp371\assignment\a2\moremoremore\lab04\lab_framework\source\lab04.cpp(1072): warning C4244: '-=': conversion from 'double' to 'float', possible loss of data
d:\concordia\2023 summer\comp371\assignment\a2\moremoremore\lab04\lab_framework\source\lab04.cpp(1563): warning C4244: 'argument': conversion from 'float' to 'int', possible loss of data
d:\concordia\2023 summer\comp371\assignment\a2\moremoremore\lab04\lab_framework\source\lab04.cpp(1568): warning C4305: 'return': truncation from 'int' to 'bool'
d:\concordia\2023 summer\comp371\assignment\a2\moremoremore\lab04\lab_framework\source\lab04.cpp(1585): warning C4305: 'return': truncation from 'int' to 'bool'
d:\concordia\2023 summer\comp371\assignment\a2\moremoremore\lab04\lab_framework\source\lab04.cpp(1828): warning C4244: 'argument': conversion from 'float' to '_Ty', possible loss of data
          with
          [
              _Ty=int
          ]
d:\concordia\2023 summer\comp371\assignment\a2\moremoremore\lab04\lab_framework\source\lab04.cpp(1829): warning C4244: 'return': conversion from 'int' to 'float', possible loss of data
d:\concordia\2023 summer\comp371\assignment\a2\moremoremore\lab04\lab_framework\source\lab04.cpp(2042): warning C4305: 'initializing': truncation from 'double' to 'float'
d:\concordia\2023 summer\comp371\assignment\a2\moremoremore\lab04\lab_framework\source\lab04.cpp(2113): warning C4244: 'argument': conversion from 'float' to 'GLsizei', possible loss of data
d:\concordia\2023 summer\comp371\assignment\a2\moremoremore\lab04\lab_framework\source\lab04.cpp(2115): warning C4244: 'argument': conversion from 'float' to 'GLsizei', possible loss of data
d:\concordia\2023 summer\comp371\assignment\a2\moremoremore\lab04\lab_framework\source\lab04.cpp(2117): warning C4244: 'argument': conversion from 'float' to 'GLsizei', possible loss of data
d:\concordia\2023 summer\comp371\assignment\a2\moremoremore\lab04\lab_framework\source\lab04.cpp(2119): warning C4244: 'argument': conversion from 'float' to 'GLsizei', possible loss of data
d:\concordia\2023 summer\comp371\assignment\a2\moremoremore\lab04\lab_framework\source\lab04.cpp(305): warning C4244: 'argument': conversion from 'T' to 'GLint', possible loss of data
          with
          [
              T=float
          ]
  d:\concordia\2023 summer\comp371\assignment\a2\moremoremore\lab04\lab_framework\source\lab04.cpp(428): note: see reference to function template instantiation 'void SetUniform1Value<float>(GLuint,const char *,T)' being compiled
          with
          [
              T=float
          ]
  Labs.vcxproj -> D:\Concordia\2023 Summer\comp371\assignment\a2\MOREMOREMORE\Lab04\Lab_Framework\VS2017\/../Bin/Labs-Debug.exe
