     1                                  ; Andre Hei Wang Law
     2                                  ; June 3, 2021
     3                                  ; sample program to add two numbers which
     4                                  ; are stored somewhere in memory
     5                                  
     6                                  section .data
     7                                  
     8                                  ; put your data in this section
     9                                  ; db, dw, dd directions
    10                                  
    11 00000000 0200                    mick dw 2 ; define one word (2 bytes) of data
    12 00000002 0300                    keith dw 3 ; define another word of data with value 3
    13                                  
    14                                  section .bss
    15                                  
    16                                  ; put UNINITIALIZED data here using
    17                                  ; this program has nothing in the .bss section
    18                                  
    19                                  section .text
    20                                  	global _start
    21                                  
    22                                  _start:
    23 00000000 66A1[00000000]          	mov ax,[mick]	; store contents of memory word at
    24                                  			; location mick into the ax register
    25 00000006 668B1D[02000000]        ron:	mov bx,[keith]	;store contents of memory word at
    26                                  			; location keith into the bx register
    27 0000000D 6601D8                  	add ax,bx	; ax = ax + bx
    28                                  			; contents of register bx is added to the
    29                                  			; original contents of register ax and the
    30                                  			; result is stored in register ax (overweriting
    31                                  			; the original content)
    32                                  
    33                                  
    34 00000010 B801000000              	mov eax,1	; the system call for exit (sys_exit)
    35 00000015 BB00000000              	mov ebx,0	; exit with return code of 0 (no error)
    36 0000001A CD80                    	int 80h
