  lab04.cpp
d:\concordia\2023 summer\comp371\quiz\quiz2\assignment_2_40175600_andreheiwanglaw\lab04\lab_framework\source\objloader.h(20): warning C4996: 'fopen': This function or variable may be unsafe. Consider using fopen_s instead. To disable deprecation, use _CRT_SECURE_NO_WARNINGS. See online help for details.
  c:\program files (x86)\windows kits\10\include\10.0.16299.0\ucrt\stdio.h(207): note: see declaration of 'fopen'
d:\concordia\2023 summer\comp371\quiz\quiz2\assignment_2_40175600_andreheiwanglaw\lab04\lab_framework\source\objloader.h(31): warning C4996: 'fscanf': This function or variable may be unsafe. Consider using fscanf_s instead. To disable deprecation, use _CRT_SECURE_NO_WARNINGS. See online help for details.
  c:\program files (x86)\windows kits\10\include\10.0.16299.0\ucrt\stdio.h(1195): note: see declaration of 'fscanf'
d:\concordia\2023 summer\comp371\quiz\quiz2\assignment_2_40175600_andreheiwanglaw\lab04\lab_framework\source\objloader.h(39): warning C4996: 'fscanf': This function or variable may be unsafe. Consider using fscanf_s instead. To disable deprecation, use _CRT_SECURE_NO_WARNINGS. See online help for details.
  c:\program files (x86)\windows kits\10\include\10.0.16299.0\ucrt\stdio.h(1195): note: see declaration of 'fscanf'
d:\concordia\2023 summer\comp371\quiz\quiz2\assignment_2_40175600_andreheiwanglaw\lab04\lab_framework\source\objloader.h(44): warning C4996: 'fscanf': This function or variable may be unsafe. Consider using fscanf_s instead. To disable deprecation, use _CRT_SECURE_NO_WARNINGS. See online help for details.
  c:\program files (x86)\windows kits\10\include\10.0.16299.0\ucrt\stdio.h(1195): note: see declaration of 'fscanf'
d:\concordia\2023 summer\comp371\quiz\quiz2\assignment_2_40175600_andreheiwanglaw\lab04\lab_framework\source\objloader.h(50): warning C4996: 'fscanf': This function or variable may be unsafe. Consider using fscanf_s instead. To disable deprecation, use _CRT_SECURE_NO_WARNINGS. See online help for details.
  c:\program files (x86)\windows kits\10\include\10.0.16299.0\ucrt\stdio.h(1195): note: see declaration of 'fscanf'
d:\concordia\2023 summer\comp371\quiz\quiz2\assignment_2_40175600_andreheiwanglaw\lab04\lab_framework\source\objloader.h(60): warning C4996: 'sscanf': This function or variable may be unsafe. Consider using sscanf_s instead. To disable deprecation, use _CRT_SECURE_NO_WARNINGS. See online help for details.
  c:\program files (x86)\windows kits\10\include\10.0.16299.0\ucrt\stdio.h(2261): note: see declaration of 'sscanf'
d:\concordia\2023 summer\comp371\quiz\quiz2\assignment_2_40175600_andreheiwanglaw\lab04\lab_framework\source\objloader.h(63): warning C4996: 'sscanf': This function or variable may be unsafe. Consider using sscanf_s instead. To disable deprecation, use _CRT_SECURE_NO_WARNINGS. See online help for details.
  c:\program files (x86)\windows kits\10\include\10.0.16299.0\ucrt\stdio.h(2261): note: see declaration of 'sscanf'
d:\concordia\2023 summer\comp371\quiz\quiz2\assignment_2_40175600_andreheiwanglaw\lab04\lab_framework\source\objloader.h(66): warning C4996: 'sscanf': This function or variable may be unsafe. Consider using sscanf_s instead. To disable deprecation, use _CRT_SECURE_NO_WARNINGS. See online help for details.
  c:\program files (x86)\windows kits\10\include\10.0.16299.0\ucrt\stdio.h(2261): note: see declaration of 'sscanf'
d:\concordia\2023 summer\comp371\quiz\quiz2\assignment_2_40175600_andreheiwanglaw\lab04\lab_framework\source\objloader.h(69): warning C4996: 'sscanf': This function or variable may be unsafe. Consider using sscanf_s instead. To disable deprecation, use _CRT_SECURE_NO_WARNINGS. See online help for details.
  c:\program files (x86)\windows kits\10\include\10.0.16299.0\ucrt\stdio.h(2261): note: see declaration of 'sscanf'
d:\concordia\2023 summer\comp371\quiz\quiz2\assignment_2_40175600_andreheiwanglaw\lab04\lab_framework\source\objloaderv2.h(20): warning C4996: 'fopen': This function or variable may be unsafe. Consider using fopen_s instead. To disable deprecation, use _CRT_SECURE_NO_WARNINGS. See online help for details.
  c:\program files (x86)\windows kits\10\include\10.0.16299.0\ucrt\stdio.h(207): note: see declaration of 'fopen'
d:\concordia\2023 summer\comp371\quiz\quiz2\assignment_2_40175600_andreheiwanglaw\lab04\lab_framework\source\objloaderv2.h(31): warning C4996: 'fscanf': This function or variable may be unsafe. Consider using fscanf_s instead. To disable deprecation, use _CRT_SECURE_NO_WARNINGS. See online help for details.
  c:\program files (x86)\windows kits\10\include\10.0.16299.0\ucrt\stdio.h(1195): note: see declaration of 'fscanf'
d:\concordia\2023 summer\comp371\quiz\quiz2\assignment_2_40175600_andreheiwanglaw\lab04\lab_framework\source\objloaderv2.h(39): warning C4996: 'fscanf': This function or variable may be unsafe. Consider using fscanf_s instead. To disable deprecation, use _CRT_SECURE_NO_WARNINGS. See online help for details.
  c:\program files (x86)\windows kits\10\include\10.0.16299.0\ucrt\stdio.h(1195): note: see declaration of 'fscanf'
d:\concordia\2023 summer\comp371\quiz\quiz2\assignment_2_40175600_andreheiwanglaw\lab04\lab_framework\source\objloaderv2.h(45): warning C4996: 'fscanf': This function or variable may be unsafe. Consider using fscanf_s instead. To disable deprecation, use _CRT_SECURE_NO_WARNINGS. See online help for details.
  c:\program files (x86)\windows kits\10\include\10.0.16299.0\ucrt\stdio.h(1195): note: see declaration of 'fscanf'
d:\concordia\2023 summer\comp371\quiz\quiz2\assignment_2_40175600_andreheiwanglaw\lab04\lab_framework\source\objloaderv2.h(54): warning C4996: 'fscanf': This function or variable may be unsafe. Consider using fscanf_s instead. To disable deprecation, use _CRT_SECURE_NO_WARNINGS. See online help for details.
  c:\program files (x86)\windows kits\10\include\10.0.16299.0\ucrt\stdio.h(1195): note: see declaration of 'fscanf'
d:\concordia\2023 summer\comp371\quiz\quiz2\assignment_2_40175600_andreheiwanglaw\lab04\lab_framework\source\objloaderv2.h(72): warning C4996: 'sscanf': This function or variable may be unsafe. Consider using sscanf_s instead. To disable deprecation, use _CRT_SECURE_NO_WARNINGS. See online help for details.
  c:\program files (x86)\windows kits\10\include\10.0.16299.0\ucrt\stdio.h(2261): note: see declaration of 'sscanf'
d:\concordia\2023 summer\comp371\quiz\quiz2\assignment_2_40175600_andreheiwanglaw\lab04\lab_framework\source\objloaderv2.h(75): warning C4996: 'sscanf': This function or variable may be unsafe. Consider using sscanf_s instead. To disable deprecation, use _CRT_SECURE_NO_WARNINGS. See online help for details.
  c:\program files (x86)\windows kits\10\include\10.0.16299.0\ucrt\stdio.h(2261): note: see declaration of 'sscanf'
d:\concordia\2023 summer\comp371\quiz\quiz2\assignment_2_40175600_andreheiwanglaw\lab04\lab_framework\source\objloaderv2.h(78): warning C4996: 'sscanf': This function or variable may be unsafe. Consider using sscanf_s instead. To disable deprecation, use _CRT_SECURE_NO_WARNINGS. See online help for details.
  c:\program files (x86)\windows kits\10\include\10.0.16299.0\ucrt\stdio.h(2261): note: see declaration of 'sscanf'
d:\concordia\2023 summer\comp371\quiz\quiz2\assignment_2_40175600_andreheiwanglaw\lab04\lab_framework\source\objloaderv2.h(81): warning C4996: 'sscanf': This function or variable may be unsafe. Consider using sscanf_s instead. To disable deprecation, use _CRT_SECURE_NO_WARNINGS. See online help for details.
  c:\program files (x86)\windows kits\10\include\10.0.16299.0\ucrt\stdio.h(2261): note: see declaration of 'sscanf'
d:\concordia\2023 summer\comp371\quiz\quiz2\assignment_2_40175600_andreheiwanglaw\lab04\lab_framework\source\shaderloader.h(25): warning C4477: 'printf' : format string '%s' requires an argument of type 'char *', but variadic argument 1 has type 'std::string'
d:\concordia\2023 summer\comp371\quiz\quiz2\assignment_2_40175600_andreheiwanglaw\lab04\lab_framework\source\lab04.cpp(293): warning C4018: '<': signed/unsigned mismatch
d:\concordia\2023 summer\comp371\quiz\quiz2\assignment_2_40175600_andreheiwanglaw\lab04\lab_framework\source\lab04.cpp(302): warning C4018: '<': signed/unsigned mismatch
d:\concordia\2023 summer\comp371\quiz\quiz2\assignment_2_40175600_andreheiwanglaw\lab04\lab_framework\source\lab04.cpp(345): warning C4244: '=': conversion from 'int' to 'float', possible loss of data
d:\concordia\2023 summer\comp371\quiz\quiz2\assignment_2_40175600_andreheiwanglaw\lab04\lab_framework\source\lab04.cpp(346): warning C4244: '=': conversion from 'int' to 'float', possible loss of data
d:\concordia\2023 summer\comp371\quiz\quiz2\assignment_2_40175600_andreheiwanglaw\lab04\lab_framework\source\lab04.cpp(446): warning C4244: 'initializing': conversion from 'double' to 'float', possible loss of data
d:\concordia\2023 summer\comp371\quiz\quiz2\assignment_2_40175600_andreheiwanglaw\lab04\lab_framework\source\lab04.cpp(500): warning C4244: 'initializing': conversion from 'double' to 'float', possible loss of data
d:\concordia\2023 summer\comp371\quiz\quiz2\assignment_2_40175600_andreheiwanglaw\lab04\lab_framework\source\lab04.cpp(1240): warning C4244: '-=': conversion from 'double' to 'float', possible loss of data
d:\concordia\2023 summer\comp371\quiz\quiz2\assignment_2_40175600_andreheiwanglaw\lab04\lab_framework\source\lab04.cpp(1249): warning C4244: '-=': conversion from 'double' to 'float', possible loss of data
d:\concordia\2023 summer\comp371\quiz\quiz2\assignment_2_40175600_andreheiwanglaw\lab04\lab_framework\source\lab04.cpp(1808): warning C4244: 'argument': conversion from 'float' to 'int', possible loss of data
d:\concordia\2023 summer\comp371\quiz\quiz2\assignment_2_40175600_andreheiwanglaw\lab04\lab_framework\source\lab04.cpp(1813): warning C4305: 'return': truncation from 'int' to 'bool'
d:\concordia\2023 summer\comp371\quiz\quiz2\assignment_2_40175600_andreheiwanglaw\lab04\lab_framework\source\lab04.cpp(1830): warning C4305: 'return': truncation from 'int' to 'bool'
d:\concordia\2023 summer\comp371\quiz\quiz2\assignment_2_40175600_andreheiwanglaw\lab04\lab_framework\source\lab04.cpp(1971): warning C4244: 'argument': conversion from 'float' to '_Ty', possible loss of data
          with
          [
              _Ty=int
          ]
d:\concordia\2023 summer\comp371\quiz\quiz2\assignment_2_40175600_andreheiwanglaw\lab04\lab_framework\source\lab04.cpp(1972): warning C4244: 'return': conversion from 'int' to 'float', possible loss of data
  Labs.vcxproj -> D:\Concordia\2023 Summer\comp371\quiz\quiz2\assignment_2_40175600_AndreHeiWangLaw\Lab04\Lab_Framework\VS2017\/../Bin/Labs-Debug.exe
