  lab02.cpp
d:\concordia\2023 summer\comp371\project\teammates\jason\lab02\lab_framework\source\lab02.cpp(525): warning C4244: '-=': conversion from 'double' to 'T', possible loss of data
          with
          [
              T=float
          ]
d:\concordia\2023 summer\comp371\project\teammates\jason\lab02\lab_framework\source\lab02.cpp(530): warning C4244: '+=': conversion from 'double' to 'float', possible loss of data
d:\concordia\2023 summer\comp371\project\teammates\jason\lab02\lab_framework\source\lab02.cpp(539): warning C4244: '+=': conversion from 'double' to 'T', possible loss of data
          with
          [
              T=float
          ]
d:\concordia\2023 summer\comp371\project\teammates\jason\lab02\lab_framework\source\lab02.cpp(544): warning C4244: '-=': conversion from 'double' to 'float', possible loss of data
d:\concordia\2023 summer\comp371\project\teammates\jason\lab02\lab_framework\source\lab02.cpp(550): warning C4244: '-=': conversion from 'double' to 'T', possible loss of data
          with
          [
              T=float
          ]
d:\concordia\2023 summer\comp371\project\teammates\jason\lab02\lab_framework\source\lab02.cpp(555): warning C4244: '+=': conversion from 'double' to 'T', possible loss of data
          with
          [
              T=float
          ]
d:\concordia\2023 summer\comp371\project\teammates\jason\lab02\lab_framework\source\lab02.cpp(631): warning C4244: '+=': conversion from 'double' to 'float', possible loss of data
d:\concordia\2023 summer\comp371\project\teammates\jason\lab02\lab_framework\source\lab02.cpp(636): warning C4244: '-=': conversion from 'double' to 'float', possible loss of data
d:\concordia\2023 summer\comp371\project\teammates\jason\lab02\lab_framework\source\lab02.cpp(641): warning C4244: '+=': conversion from 'double' to 'float', possible loss of data
d:\concordia\2023 summer\comp371\project\teammates\jason\lab02\lab_framework\source\lab02.cpp(646): warning C4244: '-=': conversion from 'double' to 'float', possible loss of data
d:\concordia\2023 summer\comp371\project\teammates\jason\lab02\lab_framework\source\lab02.cpp(655): warning C4244: '+=': conversion from 'double' to 'T', possible loss of data
          with
          [
              T=float
          ]
d:\concordia\2023 summer\comp371\project\teammates\jason\lab02\lab_framework\source\lab02.cpp(663): warning C4244: '+=': conversion from 'double' to 'T', possible loss of data
          with
          [
              T=float
          ]
d:\concordia\2023 summer\comp371\project\teammates\jason\lab02\lab_framework\source\lab02.cpp(681): warning C4244: '+=': conversion from 'double' to 'float', possible loss of data
  Labs.vcxproj -> D:\Concordia\2023 Summer\comp371\project\teammates\Jason\Lab02\Lab_Framework\VS2017\/../Bin/Labs-Debug.exe
